<?xml version="1.0" encoding="UTF-8"?>
<!-- Generated by org.testng.reporters.JUnitReportReporter -->
<testsuite hostname="DESKTOP-M0FLA98" failures="0" tests="1" name="test.TC_004_CheckinTest" time="17.767" errors="0" timestamp="2024-12-15T12:38:10 IST" skipped="0">
  <testcase classname="test.TC_004_CheckinTest" name="checkinTest" time="17.767"/>
  <system-out/>
</testsuite> <!-- test.TC_004_CheckinTest -->
