<?xml version="1.0" encoding="UTF-8"?>
<!-- Generated by org.testng.reporters.JUnitReportReporter -->
<testsuite hostname="DESKTOP-M0FLA98" failures="0" tests="1" name="test.TC_003_BookingTest" time="5.849" errors="0" timestamp="2024-12-15T12:30:25 IST" skipped="0">
  <testcase classname="test.TC_003_BookingTest" name="bookingTest" time="5.849"/>
  <system-out/>
</testsuite> <!-- test.TC_003_BookingTest -->
