<?xml version="1.0" encoding="UTF-8"?>
<!-- Generated by org.testng.reporters.JUnitReportReporter -->
<testsuite hostname="DESKTOP-M0FLA98" failures="0" tests="2" name="test.TC_002_LoginTest" time="7.865" errors="0" timestamp="2024-12-15T12:30:25 IST" skipped="0">
  <testcase classname="test.TC_002_LoginTest" name="loginTest" time="3.587"/>
  <system-out/>
  <testcase classname="test.TC_002_LoginTest" name="loginTest" time="4.278"/>
  <system-out/>
</testsuite> <!-- test.TC_002_LoginTest -->
