<?xml version="1.0" encoding="UTF-8"?>
<!-- Generated by org.testng.reporters.JUnitReportReporter -->
<testsuite hostname="DESKTOP-M0FLA98" failures="0" tests="2" name="test.TC_003_BookingTest" time="12.748" errors="0" timestamp="2024-12-15T13:21:18 IST" skipped="0">
  <testcase classname="test.TC_003_BookingTest" name="bookingTest" time="7.330"/>
  <testcase classname="test.TC_003_BookingTest" name="bookingTest" time="5.418"/>
</testsuite> <!-- test.TC_003_BookingTest -->
