<?xml version="1.0" encoding="UTF-8"?>
<!-- Generated by org.testng.reporters.JUnitReportReporter -->
<testsuite hostname="DESKTOP-M0FLA98" failures="0" tests="4" name="test.TC_002_LoginTest" time="19.649" errors="0" timestamp="2024-12-15T13:21:18 IST" skipped="0">
  <testcase classname="test.TC_002_LoginTest" name="loginTest" time="6.025"/>
  <testcase classname="test.TC_002_LoginTest" name="loginTest" time="5.602"/>
  <testcase classname="test.TC_002_LoginTest" name="loginTest" time="4.200"/>
  <testcase classname="test.TC_002_LoginTest" name="loginTest" time="3.822"/>
</testsuite> <!-- test.TC_002_LoginTest -->
