<?xml version="1.0" encoding="UTF-8"?>
<!-- Generated by org.testng.reporters.JUnitReportReporter -->
<testsuite hostname="DESKTOP-M0FLA98" failures="0" tests="2" name="test.TC_0002_InvalidLoginTest" time="6.950" errors="0" timestamp="2024-12-14T19:35:57 IST" skipped="0">
  <testcase classname="test.TC_0002_InvalidLoginTest" name="invalidLoginTest" time="3.329"/>
  <testcase classname="test.TC_0002_InvalidLoginTest" name="invalidLoginTest" time="3.621"/>
</testsuite> <!-- test.TC_0002_InvalidLoginTest -->
