<?xml version="1.0" encoding="UTF-8"?>
<!-- Generated by org.testng.reporters.JUnitReportReporter -->
<testsuite hostname="DESKTOP-M0FLA98" failures="0" tests="3" name="test.TC_004_CheckinTest" time="74.469" errors="0" timestamp="2024-12-15T13:21:18 IST" skipped="0">
  <testcase classname="test.TC_004_CheckinTest" name="checkinTest" time="29.398"/>
  <testcase classname="test.TC_004_CheckinTest" name="checkinTest" time="19.623"/>
  <testcase classname="test.TC_004_CheckinTest" name="checkinTest" time="25.448"/>
</testsuite> <!-- test.TC_004_CheckinTest -->
